{"F:\\os\\server\\app\\router.js": {"path":"F:\\os\\server\\app\\router.js","statementMap":{"0":{"start":{"line":6,"column":0},"end":{"line":9,"column":2}},"1":{"start":{"line":7,"column":33},"end":{"line":7,"column":36}},"2":{"start":{"line":8,"column":2},"end":{"line":8,"column":41}}},"fnMap":{"0":{"name":"(anonymous_0)","decl":{"start":{"line":6,"column":17},"end":{"line":6,"column":18}},"loc":{"start":{"line":6,"column":24},"end":{"line":9,"column":1}},"line":6}},"branchMap":{},"s":{"0":1,"1":1,"2":1},"f":{"0":1},"b":{},"_coverageSchema":"43e27e138ebf9cfc5966b082cf9a028302ed4184","hash":"264e3055802d3cd687e8cea4cd9d862612da0eb0","contentHash":"671723d8d6e2e02c199c8bbeb29e64591ca3784c5fb5a21f24476cbe474ac61f"}
,"F:\\os\\server\\app\\controller\\home.js": {"path":"F:\\os\\server\\app\\controller\\home.js","statementMap":{"0":{"start":{"line":3,"column":19},"end":{"line":3,"column":44}},"1":{"start":{"line":7,"column":20},"end":{"line":7,"column":24}},"2":{"start":{"line":8,"column":4},"end":{"line":8,"column":25}},"3":{"start":{"line":12,"column":0},"end":{"line":12,"column":32}}},"fnMap":{"0":{"name":"(anonymous_0)","decl":{"start":{"line":6,"column":2},"end":{"line":6,"column":3}},"loc":{"start":{"line":6,"column":16},"end":{"line":9,"column":3}},"line":6}},"branchMap":{},"s":{"0":1,"1":1,"2":1,"3":1},"f":{"0":1},"b":{},"_coverageSchema":"43e27e138ebf9cfc5966b082cf9a028302ed4184","hash":"dbc5238f4501604adec07c86c19ece5331ce007a","contentHash":"8826c3c831013375d1f4da0481c3d0aee0e6745f710e6fbb4907938270c6c544"}
,"F:\\os\\server\\config\\config.default.js": {"path":"F:\\os\\server\\config\\config.default.js","statementMap":{"0":{"start":{"line":8,"column":0},"end":{"line":30,"column":2}},"1":{"start":{"line":13,"column":17},"end":{"line":13,"column":29}},"2":{"start":{"line":16,"column":2},"end":{"line":16,"column":53}},"3":{"start":{"line":19,"column":2},"end":{"line":19,"column":25}},"4":{"start":{"line":22,"column":21},"end":{"line":24,"column":3}},"5":{"start":{"line":26,"column":2},"end":{"line":29,"column":4}}},"fnMap":{"0":{"name":"(anonymous_0)","decl":{"start":{"line":8,"column":17},"end":{"line":8,"column":18}},"loc":{"start":{"line":8,"column":28},"end":{"line":30,"column":1}},"line":8}},"branchMap":{},"s":{"0":1,"1":4,"2":4,"3":4,"4":4,"5":4},"f":{"0":4},"b":{},"_coverageSchema":"43e27e138ebf9cfc5966b082cf9a028302ed4184","hash":"687ef77e17cb07dc839409350659f5583393154d","contentHash":"7a299dd682a5801862b963a31f0d25ce9ade1ae9dd0676c01021b2449401784b"}
,"F:\\os\\server\\config\\plugin.js": {"path":"F:\\os\\server\\config\\plugin.js","statementMap":{"0":{"start":{"line":4,"column":0},"end":{"line":9,"column":2}}},"fnMap":{},"branchMap":{},"s":{"0":1},"f":{},"b":{},"_coverageSchema":"43e27e138ebf9cfc5966b082cf9a028302ed4184","hash":"a979b1be5f42f1e337fd0d562fa1f3b8041fcb9e","contentHash":"e9f2b3682389370085db3014061dee9695049292a85152bfa41768d7b86cf447"}
}
